# JRE version: Java(TM) SE Runtime Environment (8.0_131-b11) (build 1.8.0_131-b11)
# Java VM: Java HotSpot(TM) 64-Bit Server VM (25.131-b11 mixed mode windows-amd64 compressed oops)
Heap:
 PSYoungGen      total 285696K, used 4128K [0x00000000d5d80000, 0x00000000e8f00000, 0x0000000100000000)
  eden space 268800K, 0% used [0x00000000d5d80000,0x00000000d5d80000,0x00000000e6400000)
  from space 16896K, 24% used [0x00000000e7980000,0x00000000e7d88020,0x00000000e8a00000)
  to   space 22016K, 0% used [0x00000000e6400000,0x00000000e6400000,0x00000000e7980000)
 ParOldGen       total 75776K, used 67807K [0x0000000081800000, 0x0000000086200000, 0x00000000d5d80000)
  object space 75776K, 89% used [0x0000000081800000,0x0000000085a37d78,0x0000000086200000)
 Metaspace       used 51843K, capacity 54354K, committed 54528K, reserved 1095680K
  class space    used 6945K, capacity 7393K, committed 7424K, reserved 1048576K
GC Heap History (10 events):
Event: 10.553 GC heap after
Heap after GC invocations=10 (full 2):
 PSYoungGen      total 207360K, used 0K [0x00000000d5d80000, 0x00000000e4c00000, 0x0000000100000000)
  eden space 194048K, 0% used [0x00000000d5d80000,0x00000000d5d80000,0x00000000e1b00000)
  from space 13312K, 0% used [0x00000000e2800000,0x00000000e2800000,0x00000000e3500000)
  to   space 13312K, 0% used [0x00000000e1b00000,0x00000000e1b00000,0x00000000e2800000)
 ParOldGen       total 75776K, used 18141K [0x0000000081800000, 0x0000000086200000, 0x00000000d5d80000)
  object space 75776K, 23% used [0x0000000081800000,0x00000000829b77c0,0x0000000086200000)
 Metaspace       used 34655K, capacity 35176K, committed 35496K, reserved 1079296K
  class space    used 4705K, capacity 4864K, committed 4864K, reserved 1048576K
}
Event: 15.126 GC heap before
{Heap before GC invocations=11 (full 2):
 PSYoungGen      total 207360K, used 194048K [0x00000000d5d80000, 0x00000000e4c00000, 0x0000000100000000)
  eden space 194048K, 100% used [0x00000000d5d80000,0x00000000e1b00000,0x00000000e1b00000)
  from space 13312K, 0% used [0x00000000e2800000,0x00000000e2800000,0x00000000e3500000)
  to   space 13312K, 0% used [0x00000000e1b00000,0x00000000e1b00000,0x00000000e2800000)
 ParOldGen       total 75776K, used 18141K [0x0000000081800000, 0x0000000086200000, 0x00000000d5d80000)
  object space 75776K, 23% used [0x0000000081800000,0x00000000829b77c0,0x0000000086200000)
 Metaspace       used 47469K, capacity 48692K, committed 48896K, reserved 1091584K
  class space    used 6486K, capacity 6808K, committed 6912K, reserved 1048576K
Event: 15.158 GC heap after
Heap after GC invocations=11 (full 2):
 PSYoungGen      total 207360K, used 13289K [0x00000000d5d80000, 0x00000000e8a00000, 0x0000000100000000)
  eden space 194048K, 0% used [0x00000000d5d80000,0x00000000d5d80000,0x00000000e1b00000)
  from space 13312K, 99% used [0x00000000e1b00000,0x00000000e27fa590,0x00000000e2800000)
  to   space 16896K, 0% used [0x00000000e7980000,0x00000000e7980000,0x00000000e8a00000)
 ParOldGen       total 75776K, used 22400K [0x0000000081800000, 0x0000000086200000, 0x00000000d5d80000)
  object space 75776K, 29% used [0x0000000081800000,0x0000000082de01e8,0x0000000086200000)
 Metaspace       used 47469K, capacity 48692K, committed 48896K, reserved 1091584K
  class space    used 6486K, capacity 6808K, committed 6912K, reserved 1048576K
}
Event: 18.613 GC heap before
{Heap before GC invocations=12 (full 2):
 PSYoungGen      total 207360K, used 207337K [0x00000000d5d80000, 0x00000000e8a00000, 0x0000000100000000)
  eden space 194048K, 100% used [0x00000000d5d80000,0x00000000e1b00000,0x00000000e1b00000)
  from space 13312K, 99% used [0x00000000e1b00000,0x00000000e27fa590,0x00000000e2800000)
  to   space 16896K, 0% used [0x00000000e7980000,0x00000000e7980000,0x00000000e8a00000)
 ParOldGen       total 75776K, used 22400K [0x0000000081800000, 0x0000000086200000, 0x00000000d5d80000)
  object space 75776K, 29% used [0x0000000081800000,0x0000000082de01e8,0x0000000086200000)
 Metaspace       used 48610K, capacity 50256K, committed 50432K, reserved 1093632K
  class space    used 6560K, capacity 6896K, committed 6912K, reserved 1048576K
Event: 18.663 GC heap after
Heap after GC invocations=12 (full 2):
 PSYoungGen      total 285696K, used 16864K [0x00000000d5d80000, 0x00000000e8f00000, 0x0000000100000000)
  eden space 268800K, 0% used [0x00000000d5d80000,0x00000000d5d80000,0x00000000e6400000)
  from space 16896K, 99% used [0x00000000e7980000,0x00000000e89f81f8,0x00000000e8a00000)
  to   space 22016K, 0% used [0x00000000e6400000,0x00000000e6400000,0x00000000e7980000)
 ParOldGen       total 75776K, used 30754K [0x0000000081800000, 0x0000000086200000, 0x00000000d5d80000)
  object space 75776K, 40% used [0x0000000081800000,0x0000000083608ab0,0x0000000086200000)
 Metaspace       used 48610K, capacity 50256K, committed 50432K, reserved 1093632K
  class space    used 6560K, capacity 6896K, committed 6912K, reserved 1048576K
}
Event: 26.039 GC heap before
{Heap before GC invocations=13 (full 2):
 PSYoungGen      total 285696K, used 285664K [0x00000000d5d80000, 0x00000000e8f00000, 0x0000000100000000)
  eden space 268800K, 100% used [0x00000000d5d80000,0x00000000e6400000,0x00000000e6400000)
  from space 16896K, 99% used [0x00000000e7980000,0x00000000e89f81f8,0x00000000e8a00000)
  to   space 22016K, 0% used [0x00000000e6400000,0x00000000e6400000,0x00000000e7980000)
 ParOldGen       total 75776K, used 30754K [0x0000000081800000, 0x0000000086200000, 0x00000000d5d80000)
  object space 75776K, 40% used [0x0000000081800000,0x0000000083608ab0,0x0000000086200000)
 Metaspace       used 51275K, capacity 53512K, committed 53632K, reserved 1095680K
  class space    used 6892K, capacity 7290K, committed 7296K, reserved 1048576K
Event: 26.098 GC heap after
Heap after GC invocations=13 (full 2):
 PSYoungGen      total 290816K, used 21990K [0x00000000d5d80000, 0x00000000e8f00000, 0x0000000100000000)
  eden space 268800K, 0% used [0x00000000d5d80000,0x00000000d5d80000,0x00000000e6400000)
  from space 22016K, 99% used [0x00000000e6400000,0x00000000e79799e8,0x00000000e7980000)
  to   space 16896K, 0% used [0x00000000e7980000,0x00000000e7980000,0x00000000e8a00000)
 ParOldGen       total 75776K, used 47567K [0x0000000081800000, 0x0000000086200000, 0x00000000d5d80000)
  object space 75776K, 62% used [0x0000000081800000,0x0000000084673d38,0x0000000086200000)
 Metaspace       used 51275K, capacity 53512K, committed 53632K, reserved 1095680K
  class space    used 6892K, capacity 7290K, committed 7296K, reserved 1048576K
}
Event: 30.991 GC heap before
{Heap before GC invocations=14 (full 2):
 PSYoungGen      total 290816K, used 290790K [0x00000000d5d80000, 0x00000000e8f00000, 0x0000000100000000)
  eden space 268800K, 100% used [0x00000000d5d80000,0x00000000e6400000,0x00000000e6400000)
  from space 22016K, 99% used [0x00000000e6400000,0x00000000e79799e8,0x00000000e7980000)
  to   space 16896K, 0% used [0x00000000e7980000,0x00000000e7980000,0x00000000e8a00000)
 ParOldGen       total 75776K, used 47567K [0x0000000081800000, 0x0000000086200000, 0x00000000d5d80000)
  object space 75776K, 62% used [0x0000000081800000,0x0000000084673d38,0x0000000086200000)
 Metaspace       used 51843K, capacity 54354K, committed 54528K, reserved 1095680K
  class space    used 6945K, capacity 7393K, committed 7424K, reserved 1048576K
Event: 31.076 GC heap after
Heap after GC invocations=14 (full 2):
 PSYoungGen      total 285696K, used 4128K [0x00000000d5d80000, 0x00000000e8f00000, 0x0000000100000000)
  eden space 268800K, 0% used [0x00000000d5d80000,0x00000000d5d80000,0x00000000e6400000)
  from space 16896K, 24% used [0x00000000e7980000,0x00000000e7d88020,0x00000000e8a00000)
  to   space 22016K, 0% used [0x00000000e6400000,0x00000000e6400000,0x00000000e7980000)
 ParOldGen       total 75776K, used 67807K [0x0000000081800000, 0x0000000086200000, 0x00000000d5d80000)
  object space 75776K, 89% used [0x0000000081800000,0x0000000085a37d78,0x0000000086200000)
 Metaspace       used 51843K, capacity 54354K, committed 54528K, reserved 1095680K
  class space    used 6945K, capacity 7393K, committed 7424K, reserved 1048576K
}
Event: 31.076 GC heap before
{Heap before GC invocations=15 (full 3):
 PSYoungGen      total 285696K, used 4128K [0x00000000d5d80000, 0x00000000e8f00000, 0x0000000100000000)
  eden space 268800K, 0% used [0x00000000d5d80000,0x00000000d5d80000,0x00000000e6400000)
  from space 16896K, 24% used [0x00000000e7980000,0x00000000e7d88020,0x00000000e8a00000)
  to   space 22016K, 0% used [0x00000000e6400000,0x00000000e6400000,0x00000000e7980000)
 ParOldGen       total 75776K, used 67807K [0x0000000081800000, 0x0000000086200000, 0x00000000d5d80000)
  object space 75776K, 89% used [0x0000000081800000,0x0000000085a37d78,0x0000000086200000)
 Metaspace       used 51843K, capacity 54354K, committed 54528K, reserved 1095680K
  class space    used 6945K, capacity 7393K, committed 7424K, reserved 1048576K

